2020-09-18 04:39:46 INFO  ValidateLinksTest:88 - Links are below: 
2020-09-18 04:39:46 INFO  ValidateLinksTest:92 - https://www.facebook.com/sharer/sharer.php?u=https://creditorwatch.com.au/blog/how-to-avoid-the-preference-payment-trap/&display=popup&ref=plugin&src=share_button
2020-09-18 04:39:48 INFO  ValidateLinksTest:102 - 200
2020-09-18 04:39:48 INFO  ValidateLinksTest:92 - https://twitter.com/share?url=https://creditorwatch.com.au/blog/how-to-avoid-the-preference-payment-trap/&text=How%20to%20Avoid%20the%20Preference%20Payment%20Trap
2020-09-18 04:39:49 INFO  ValidateLinksTest:102 - 200
2020-09-18 04:39:49 INFO  ValidateLinksTest:92 - https://www.linkedin.com/shareArticle?mini=true&url=https://creditorwatch.com.au/blog/how-to-avoid-the-preference-payment-trap/
2020-09-18 04:39:50 INFO  ValidateLinksTest:102 - 200
2020-09-18 04:39:50 INFO  ValidateLinksTest:92 - https://creditorwatch.com.au/blog/how-to-get-debtors-to-pay-during-covid-19/
2020-09-18 04:39:50 INFO  ValidateLinksTest:102 - 200
2020-09-18 04:39:50 INFO  ValidateLinksTest:92 - https://creditorwatch.com.au/blog/zombie-companies/
2020-09-18 04:39:50 INFO  ValidateLinksTest:102 - 200
2020-09-18 04:39:50 INFO  ValidateLinksTest:92 - https://insolve.com.au/
2020-09-18 04:39:51 INFO  ValidateLinksTest:102 - 200
2020-09-18 04:39:51 INFO  ValidateLinksTest:92 - https://thesolvers.com.au/
2020-09-18 04:39:52 INFO  ValidateLinksTest:102 - 200
2020-09-18 04:39:52 INFO  ValidateLinksTest:92 - https://creditorwatch.com.au/blog/are-your-credit-terms-enforceable/
2020-09-18 04:39:52 INFO  ValidateLinksTest:102 - 200
2020-09-18 04:39:52 INFO  ValidateLinksTest:92 - https://asic.gov.au/regulatory-resources/insolvency/insolvency-for-creditors/
2020-09-18 04:39:52 INFO  ValidateLinksTest:102 - 403
2020-09-18 04:39:52 INFO  ValidateLinksTest:92 - https://creditorwatch.com.au/features/corporate/ppsr/
2020-09-18 04:39:53 INFO  ValidateLinksTest:102 - 200
2020-09-18 04:39:53 INFO  ValidateLinksTest:92 - https://ppsrlogic.com.au/
2020-09-18 04:39:53 INFO  ValidateLinksTest:102 - 200
2020-09-18 04:39:53 INFO  ValidateLinksTest:92 - https://creditorwatch.com.au/casestudies/
2020-09-18 04:39:53 INFO  ValidateLinksTest:102 - 200
2020-09-18 04:39:53 INFO  ValidateLinksTest:92 - https://ppsrlogic.com.au/
2020-09-18 04:39:54 INFO  ValidateLinksTest:102 - 200
2020-09-18 04:39:54 INFO  ValidateLinksTest:92 - https://creditorwatch.com.au/blog/7-step-collection-strategy-get-paid-faster/
2020-09-18 04:39:54 INFO  ValidateLinksTest:102 - 200
2020-09-18 04:39:54 INFO  ValidateLinksTest:92 - https://insolve.com.au/preference-payments/
2020-09-18 04:39:54 INFO  ValidateLinksTest:102 - 200
2020-09-18 04:39:54 INFO  ValidateLinksTest:92 - https://insolve.com.au/
2020-09-18 04:39:55 INFO  ValidateLinksTest:102 - 200
2020-09-18 04:39:55 INFO  ValidateLinksTest:92 - https://www.facebook.com/sharer/sharer.php?u=https://creditorwatch.com.au/blog/how-to-avoid-the-preference-payment-trap/&display=popup&ref=plugin&src=share_button
2020-09-18 04:39:56 INFO  ValidateLinksTest:102 - 200
2020-09-18 04:39:56 INFO  ValidateLinksTest:92 - https://twitter.com/share?url=https://creditorwatch.com.au/blog/how-to-avoid-the-preference-payment-trap/&text=How%20to%20Avoid%20the%20Preference%20Payment%20Trap
2020-09-18 04:39:57 INFO  ValidateLinksTest:102 - 200
2020-09-18 04:39:57 INFO  ValidateLinksTest:92 - https://www.linkedin.com/shareArticle?mini=true&url=https://creditorwatch.com.au/blog/how-to-avoid-the-preference-payment-trap/
2020-09-18 04:39:58 INFO  ValidateLinksTest:102 - 200
2020-09-18 04:50:46 INFO  ValidateLinksTest:88 - Links are below: 
2020-09-18 04:50:46 INFO  ValidateLinksTest:92 - https://www.facebook.com/sharer/sharer.php?u=https://creditorwatch.com.au/blog/how-to-avoid-the-preference-payment-trap/&display=popup&ref=plugin&src=share_button
2020-09-18 04:50:48 INFO  ValidateLinksTest:102 - 200
2020-09-18 04:50:48 INFO  ValidateLinksTest:92 - https://twitter.com/share?url=https://creditorwatch.com.au/blog/how-to-avoid-the-preference-payment-trap/&text=How%20to%20Avoid%20the%20Preference%20Payment%20Trap
2020-09-18 04:50:49 INFO  ValidateLinksTest:102 - 200
2020-09-18 04:50:49 INFO  ValidateLinksTest:92 - https://www.linkedin.com/shareArticle?mini=true&url=https://creditorwatch.com.au/blog/how-to-avoid-the-preference-payment-trap/
2020-09-18 04:50:50 INFO  ValidateLinksTest:102 - 200
2020-09-18 04:50:50 INFO  ValidateLinksTest:92 - https://creditorwatch.com.au/blog/how-to-get-debtors-to-pay-during-covid-19/
2020-09-18 04:50:50 INFO  ValidateLinksTest:102 - 200
2020-09-18 04:50:50 INFO  ValidateLinksTest:92 - https://creditorwatch.com.au/blog/zombie-companies/
2020-09-18 04:50:50 INFO  ValidateLinksTest:102 - 200
2020-09-18 04:50:50 INFO  ValidateLinksTest:92 - https://insolve.com.au/
2020-09-18 04:50:51 INFO  ValidateLinksTest:102 - 200
2020-09-18 04:50:51 INFO  ValidateLinksTest:92 - https://thesolvers.com.au/
2020-09-18 04:50:51 INFO  ValidateLinksTest:102 - 200
2020-09-18 04:50:51 INFO  ValidateLinksTest:92 - https://creditorwatch.com.au/blog/are-your-credit-terms-enforceable/
2020-09-18 04:50:51 INFO  ValidateLinksTest:102 - 200
2020-09-18 04:50:51 INFO  ValidateLinksTest:92 - https://asic.gov.au/regulatory-resources/insolvency/insolvency-for-creditors/
2020-09-18 04:50:52 INFO  ValidateLinksTest:102 - 403
2020-09-18 04:50:52 INFO  ValidateLinksTest:92 - https://creditorwatch.com.au/features/corporate/ppsr/
2020-09-18 04:50:52 INFO  ValidateLinksTest:102 - 200
2020-09-18 04:50:52 INFO  ValidateLinksTest:92 - https://ppsrlogic.com.au/
2020-09-18 04:50:52 INFO  ValidateLinksTest:102 - 200
2020-09-18 04:50:52 INFO  ValidateLinksTest:92 - https://creditorwatch.com.au/casestudies/
2020-09-18 04:50:53 INFO  ValidateLinksTest:102 - 200
2020-09-18 04:50:53 INFO  ValidateLinksTest:92 - https://ppsrlogic.com.au/
2020-09-18 04:50:53 INFO  ValidateLinksTest:102 - 200
2020-09-18 04:50:53 INFO  ValidateLinksTest:92 - https://creditorwatch.com.au/blog/7-step-collection-strategy-get-paid-faster/
2020-09-18 04:50:53 INFO  ValidateLinksTest:102 - 200
2020-09-18 04:50:53 INFO  ValidateLinksTest:92 - https://insolve.com.au/preference-payments/
2020-09-18 04:50:53 INFO  ValidateLinksTest:102 - 200
2020-09-18 04:50:53 INFO  ValidateLinksTest:92 - https://insolve.com.au/
2020-09-18 04:50:54 INFO  ValidateLinksTest:102 - 200
2020-09-18 04:50:54 INFO  ValidateLinksTest:92 - https://www.facebook.com/sharer/sharer.php?u=https://creditorwatch.com.au/blog/how-to-avoid-the-preference-payment-trap/&display=popup&ref=plugin&src=share_button
2020-09-18 04:50:55 INFO  ValidateLinksTest:102 - 200
2020-09-18 04:50:55 INFO  ValidateLinksTest:92 - https://twitter.com/share?url=https://creditorwatch.com.au/blog/how-to-avoid-the-preference-payment-trap/&text=How%20to%20Avoid%20the%20Preference%20Payment%20Trap
2020-09-18 04:50:56 INFO  ValidateLinksTest:102 - 200
2020-09-18 04:50:56 INFO  ValidateLinksTest:92 - https://www.linkedin.com/shareArticle?mini=true&url=https://creditorwatch.com.au/blog/how-to-avoid-the-preference-payment-trap/
2020-09-18 04:50:57 INFO  ValidateLinksTest:102 - 200
